#
# There is insufficient memory for the Java Runtime Environment to continue.
# Native memory allocation (malloc) failed to allocate 1048576 bytes for AllocateHeap
# Possible reasons:
#   The system is out of physical RAM or swap space
#   The process is running with CompressedOops enabled, and the Java Heap may be blocking the growth of the native heap
# Possible solutions:
#   Reduce memory load on the system
#   Increase physical memory or swap space
#   Check if swap backing store is full
#   Decrease Java heap size (-Xmx/-Xms)
#   Decrease number of Java threads
#   Decrease Java thread stack sizes (-Xss)
#   Set larger code cache with -XX:ReservedCodeCacheSize=
#   JVM is running with Zero Based Compressed Oops mode in which the Java heap is
#     placed in the first 32GB address space. The Java Heap base address is the
#     maximum limit for the native heap growth. Please use -XX:HeapBaseMinAddress
#     to set the Java Heap base and to place the Java Heap above 32GB virtual address.
# This output file may be truncated or incomplete.
#
#  Out of Memory Error (memory/allocation.inline.hpp:61), pid=28284, tid=0x0000000000003934
#
# JRE version:  (8.0_241-b07) (build )
# Java VM: Java HotSpot(TM) 64-Bit Server VM (25.241-b07 mixed mode windows-amd64 compressed oops)
# Failed to write core dump. Minidumps are not enabled by default on client versions of Windows
#

---------------  T H R E A D  ---------------

Current thread (0x0000000002603000):  JavaThread "Unknown thread" [_thread_in_vm, id=14644, stack(0x0000000002390000,0x0000000002490000)]

Stack: [0x0000000002390000,0x0000000002490000]
[error occurred during error reporting (printing stack bounds), id 0xc0000005]

Native frames: (J=compiled Java code, j=interpreted, Vv=VM code, C=native code)


---------------  P R O C E S S  ---------------

Java Threads: ( => current thread )

Other Threads:

=>0x0000000002603000 (exited) JavaThread "Unknown thread" [_thread_in_vm, id=14644, stack(0x0000000002390000,0x0000000002490000)]

VM state:not at safepoint (normal execution)

VM Mutex/Monitor currently owned by a thread: None

heap address: 0x00000006c2200000, size: 4062 MB, Compressed Oops mode: Zero based, Oop shift amount: 3
Narrow klass base: 0x0000000000000000, Narrow klass shift: 3
Compressed class space size: 1073741824 Address: 0x00000007c0000000

Heap:
 PSYoungGen      total 75776K, used 1300K [0x000000076b600000, 0x0000000770a80000, 0x00000007c0000000)
  eden space 65024K, 2% used [0x000000076b600000,0x000000076b7451f8,0x000000076f580000)
  from space 10752K, 0% used [0x0000000770000000,0x0000000770000000,0x0000000770a80000)
  to   space 10752K, 0% used [0x000000076f580000,0x000000076f580000,0x0000000770000000)
 ParOldGen       total 173568K, used 0K [0x00000006c2200000, 0x00000006ccb80000, 0x000000076b600000)
  object space 173568K, 0% used [0x00000006c2200000,0x00000006c2200000,0x00000006ccb80000)
 Metaspace       used 776K, capacity 4480K, committed 4480K, reserved 1056768K
  class space    used 76K, capacity 384K, committed 384K, reserved 1048576K

Card table byte_map: [0x0000000011ac0000,0x00000000122b0000] byte_map_base: 0x000000000e4af000

Marking Bits: (ParMarkBitMap*) 0x000000005632be30
 Begin Bits: [0x0000000013000000, 0x0000000016f78000)
 End Bits:   [0x0000000016f78000, 0x000000001aef0000)

Polling page: 0x0000000000bb0000

CodeCache: size=245760Kb used=328Kb max_used=328Kb free=245431Kb
 bounds [0x0000000002700000, 0x0000000002970000, 0x0000000011700000]
 total_blobs=58 nmethods=0 adapters=38
 compilation: enabled

Compilation events (0 events):
No events

GC Heap History (0 events):
No events

Deoptimization events (0 events):
No events

Classes redefined (0 events):
No events

Internal exceptions (0 events):
No events

Events (10 events):
Event: 0.026 loading class java/lang/Short
Event: 0.026 loading class java/lang/Short done
Event: 0.026 loading class java/lang/Integer
Event: 0.026 loading class java/lang/Integer done
Event: 0.026 loading class java/lang/Long
Event: 0.026 loading class java/lang/Long done
Event: 0.027 loading class java/lang/NullPointerException
Event: 0.027 loading class java/lang/NullPointerException done
Event: 0.027 loading class java/lang/ArithmeticException
Event: 0.027 loading class java/lang/ArithmeticException done


Dynamic libraries:
0x00007ff638190000 - 0x00007ff6381c7000 	C:\Program Files\Java\jdk1.8.0_241\bin\java.exe
0x00007fff4c250000 - 0x00007fff4c464000 	C:\WINDOWS\SYSTEM32\ntdll.dll
0x00007fff4ae70000 - 0x00007fff4af32000 	C:\WINDOWS\System32\KERNEL32.DLL
0x00007fff49c20000 - 0x00007fff49fbc000 	C:\WINDOWS\System32\KERNELBASE.dll
0x00007fff4c100000 - 0x00007fff4c1ae000 	C:\WINDOWS\System32\ADVAPI32.dll
0x00007fff4adc0000 - 0x00007fff4ae67000 	C:\WINDOWS\System32\msvcrt.dll
0x00007fff4a070000 - 0x00007fff4a114000 	C:\WINDOWS\System32\sechost.dll
0x00007fff4aa80000 - 0x00007fff4ab97000 	C:\WINDOWS\System32\RPCRT4.dll
0x00007fff4b070000 - 0x00007fff4b21b000 	C:\WINDOWS\System32\USER32.dll
0x00007fff49bf0000 - 0x00007fff49c16000 	C:\WINDOWS\System32\win32u.dll
0x00007fff4a4b0000 - 0x00007fff4a4d9000 	C:\WINDOWS\System32\GDI32.dll
0x00007fff49990000 - 0x00007fff49aa3000 	C:\WINDOWS\System32\gdi32full.dll
0x00007fff49fc0000 - 0x00007fff4a05a000 	C:\WINDOWS\System32\msvcp_win.dll
0x00007fff49800000 - 0x00007fff49911000 	C:\WINDOWS\System32\ucrtbase.dll
0x00007fff368f0000 - 0x00007fff36b7e000 	C:\WINDOWS\WinSxS\amd64_microsoft.windows.common-controls_6595b64144ccf1df_6.0.22621.608_none_a9444ca7c10bb01d\COMCTL32.dll
0x00007fff4ac90000 - 0x00007fff4acc1000 	C:\WINDOWS\System32\IMM32.DLL
0x0000000055970000 - 0x0000000055a42000 	C:\Program Files\Java\jdk1.8.0_241\jre\bin\msvcr100.dll
0x0000000055b00000 - 0x00000000563ac000 	C:\Program Files\Java\jdk1.8.0_241\jre\bin\server\jvm.dll
0x00007fff4a060000 - 0x00007fff4a068000 	C:\WINDOWS\System32\PSAPI.DLL
0x00007fff3fed0000 - 0x00007fff3ff04000 	C:\WINDOWS\SYSTEM32\WINMM.dll
0x00007fff143e0000 - 0x00007fff143e9000 	C:\WINDOWS\SYSTEM32\WSOCK32.dll
0x00007fff3da40000 - 0x00007fff3da4a000 	C:\WINDOWS\SYSTEM32\VERSION.dll
0x00007fff4acd0000 - 0x00007fff4ad41000 	C:\WINDOWS\System32\WS2_32.dll
0x00007ffef1b30000 - 0x00007ffef1b3f000 	C:\Program Files\Java\jdk1.8.0_241\jre\bin\verify.dll
0x00007ffee1a60000 - 0x00007ffee1a89000 	C:\Program Files\Java\jdk1.8.0_241\jre\bin\java.dll
0x00007fff33d30000 - 0x00007fff33d53000 	C:\Program Files\Java\jdk1.8.0_241\jre\bin\instrument.dll
0x00007ffee93c0000 - 0x00007ffee93d6000 	C:\Program Files\Java\jdk1.8.0_241\jre\bin\zip.dll

VM Arguments:
jvm_args: -Dmaven.multiModuleProjectDirectory=C:\Users\Paula\Downloads\clientes -Dmaven.home=C:\Users\Paula\.m2\wrapper\dists\apache-maven-3.8.7-bin\1ktonn2lleg549uah6ngl1r74r\apache-maven-3.8.7 -Dclassworlds.conf=C:\Users\Paula\.m2\wrapper\dists\apache-maven-3.8.7-bin\1ktonn2lleg549uah6ngl1r74r\apache-maven-3.8.7\bin\m2.conf -Dmaven.ext.class.path=C:\Program Files\JetBrains\IntelliJ IDEA Community Edition 2022.2.3\plugins\maven\lib\maven-event-listener.jar -javaagent:C:\Program Files\JetBrains\IntelliJ IDEA Community Edition 2022.2.3\lib\idea_rt.jar=63725:C:\Program Files\JetBrains\IntelliJ IDEA Community Edition 2022.2.3\bin -Dfile.encoding=UTF-8 
java_command: org.codehaus.classworlds.Launcher -Didea.version=2022.2.5 org.apache.maven.plugins:maven-compiler-plugin:3.10.1:compile
java_class_path (initial): C:\Users\Paula\.m2\wrapper\dists\apache-maven-3.8.7-bin\1ktonn2lleg549uah6ngl1r74r\apache-maven-3.8.7\boot\plexus-classworlds-2.6.0.jar;C:\Users\Paula\.m2\wrapper\dists\apache-maven-3.8.7-bin\1ktonn2lleg549uah6ngl1r74r\apache-maven-3.8.7\boot\plexus-classworlds.license;C:\Program Files\JetBrains\IntelliJ IDEA Community Edition 2022.2.3\lib\idea_rt.jar
Launcher Type: SUN_STANDARD

Environment Variables:
JAVA_HOME=C:\Program Files\Java\jdk-11.0.8
PATH=C:\Program Files\Java\jdk-11.0.8\bin;C:\app\Yonny\product\18.0.0\dbhomeXE\bin;C:\Program Files\Common Files\Oracle\Java\javapath;C:\Program Files (x86)\Common Files\Oracle\Java\javapath;C:\Windows\system32;C:\Windows;C:\Windows\System32\Wbem;C:\Windows\System32\WindowsPowerShell\v1.0\;C:\Windows\System32\OpenSSH\;C:\Users\Yonny\Downloads\apache-maven-3.6.3-bin\apache-maven-3.6.3\bin;C:\Program Files\Java\jdk1.8.0_241\bin;C:\WINDOWS\system32;C:\WINDOWS;C:\WINDOWS\System32\Wbem;C:\WINDOWS\System32\WindowsPowerShell\v1.0\;C:\WINDOWS\System32\OpenSSH\;C:\Program Files (x86)\NVIDIA Corporation\PhysX\Common;C:\Program Files\NVIDIA Corporation\NVIDIA NvDLISR;C:\WINDOWS\system32;C:\WINDOWS;C:\WINDOWS\System32\Wbem;C:\WINDOWS\System32\WindowsPowerShell\v1.0\;C:\WINDOWS\System32\OpenSSH\;C:\Program Files\Microsoft SQL Server\Client SDK\ODBC\170\Tools\Binn\;C:\Program Files (x86)\Microsoft SQL Server\150\Tools\Binn\;C:\Program Files\Microsoft SQL Server\150\Tools\Binn\;C:\Program Files\Microsoft SQL Server\150\DTS\Binn\;C:\Program Files\Azure Data Studio\bin;C:\Program Files\Git\cmd;C:\Program Files\nodejs\;C:\Users\Paula\AppData\Local\Microsoft\WindowsApps;;C:\Users\Paula\AppData\Local\Programs\Microsoft VS Code\bin;C:\Users\Paula\AppData\Roaming\npm
USERNAME=Paula
OS=Windows_NT
PROCESSOR_IDENTIFIER=Intel64 Family 6 Model 158 Stepping 10, GenuineIntel



---------------  S Y S T E M  ---------------

OS: Windows 10.0 , 64 bit Build 22621 (10.0.22621.1485)

CPU:total 8 (initial active 8) (4 cores per cpu, 2 threads per core) family 6 model 158 stepping 10, cmov, cx8, fxsr, mmx, sse, sse2, sse3, ssse3, sse4.1, sse4.2, popcnt, avx, avx2, aes, clmul, erms, 3dnowpref, lzcnt, ht, tsc, tscinvbit, bmi1, bmi2, adx

Memory: 4k page, physical 16629828k(4268388k free), swap 20824132k(5236k free)

vm_info: Java HotSpot(TM) 64-Bit Server VM (25.241-b07) for windows-amd64 JRE (1.8.0_241-b07), built on Dec 11 2019 10:21:40 by "rejava" with MS VC++ 10.0 (VS2010)

time: Mon Apr 24 21:38:55 2023
timezone: Hora est. Pacífico, Sudamérica
elapsed time: 0 seconds (0d 0h 0m 0s)

